<?xml version="1.0" encoding="UTF-8"?>
<!-- Generated by org.testng.reporters.JUnitReportReporter -->
<testsuite hostname="Venkat-Lappy" failures="0" tests="4" name="jobsAPITesting.Jobs_Delete" time="9.176" errors="0" timestamp="2022-03-14T21:24:16 EDT" skipped="0">
  <testcase classname="jobsAPITesting.Jobs_Delete" name="Should_Pass_Delete_Job" time="0.566"/>
  <system-out/>
  <testcase classname="jobsAPITesting.Jobs_Delete" name="Should_Pass_Delete_Job" time="0.621"/>
  <system-out/>
  <testcase classname="jobsAPITesting.Jobs_Delete" name="Should_Pass_Delete_Job" time="0.605"/>
  <system-out/>
  <testcase classname="jobsAPITesting.Jobs_Delete" name="Should_Fail_Delete_Job" time="7.384"/>
  <system-out/>
</testsuite> <!-- jobsAPITesting.Jobs_Delete -->
