<?xml version="1.0" encoding="UTF-8"?>
<!-- Generated by org.testng.reporters.JUnitReportReporter -->
<testsuite hostname="Venkat-Lappy" failures="0" tests="2" name="jobsAPITesting.Jobs_Get" time="11.322" errors="0" timestamp="2022-03-15T13:51:27 EDT" skipped="0">
  <testcase classname="jobsAPITesting.Jobs_Get" name="Should_Get_All_Jobs" time="10.504"/>
  <system-out>
    <![CDATA[Response Received Successfully]]>
  </system-out>
  <testcase classname="jobsAPITesting.Jobs_Get" name="Should_Not_Get_All_Jobs" time="0.818"/>
  <system-out>
    <![CDATA[Response recieved successfully]]>
  </system-out>
</testsuite> <!-- jobsAPITesting.Jobs_Get -->
