<?xml version="1.0" encoding="UTF-8"?>
<!-- Generated by org.testng.reporters.JUnitReportReporter -->
<testsuite hostname="Venkat-Lappy" failures="0" tests="3" name="jobsAPITesting.Jobs_Post" time="9.651" errors="0" timestamp="2022-03-14T21:24:49 EDT" skipped="0">
  <testcase classname="jobsAPITesting.Jobs_Post" name="Should_Post_New_Jobs" time="8.027"/>
  <system-out/>
  <testcase classname="jobsAPITesting.Jobs_Post" name="Should_Post_New_Jobs" time="0.869"/>
  <system-out/>
  <testcase classname="jobsAPITesting.Jobs_Post" name="Should_Post_New_Jobs" time="0.755"/>
  <system-out/>
</testsuite> <!-- jobsAPITesting.Jobs_Post -->
