<?xml version="1.0" encoding="UTF-8"?>
<!-- Generated by org.testng.reporters.JUnitReportReporter -->
<testsuite hostname="Venkat-Lappy" failures="3" tests="3" name="jobsAPITesting.Jobs_Put" time="9.219" errors="0" timestamp="2022-03-14T21:51:01 EDT" skipped="0">
  <testcase classname="jobsAPITesting.Jobs_Put" name="Should_Modify_Job_Data" time="0.494">
    <failure message="Json schema
Expected: The content to match the given JSON schema.
warning: the following keywords are unknown and will be ignored: [$id, examples]
    level: &quot;warning&quot;
    schema: {&quot;loadingURI&quot;:&quot;file:/C:/Learnings/Java/JobsAPIAutomationTesting/target/test-classes/Schema.json#&quot;,&quot;pointer&quot;:&quot;&quot;}
    domain: &quot;syntax&quot;
    ignored: [&quot;$id&quot;,&quot;examples&quot;]
warning: the following keywords are unknown and will be ignored: [$id, examples]
    level: &quot;warning&quot;
    schema: {&quot;loadingURI&quot;:&quot;file:/C:/Learnings/Java/JobsAPIAutomationTesting/target/test-classes/Schema.json#&quot;,&quot;pointer&quot;:&quot;/properties/data&quot;}
    domain: &quot;syntax&quot;
    ignored: [&quot;$id&quot;,&quot;examples&quot;]
warning: the following keywords are unknown and will be ignored: [$id, examples]
    level: &quot;warning&quot;
    schema: {&quot;loadingURI&quot;:&quot;file:/C:/Learnings/Java/JobsAPIAutomationTesting/target/test-classes/Schema.json#&quot;,&quot;pointer&quot;:&quot;/properties/data/properties/Job Company Name&quot;}
    domain: &quot;syntax&quot;
    ignored: [&quot;$id&quot;,&quot;examples&quot;]
warning: the following keywords are unknown and will be ignored: [$id, examples]
    level: &quot;warning&quot;
    schema: {&quot;loadingURI&quot;:&quot;file:/C:/Learnings/Java/JobsAPIAutomationTesting/target/test-classes/Schema.json#&quot;,&quot;pointer&quot;:&quot;/properties/data/properties/Job Company Name/properties/0&quot;}
    domain: &quot;syntax&quot;
    ignored: [&quot;$id&quot;,&quot;examples&quot;]
warning: the following keywords are unknown and will be ignored: [$id, examples]
    level: &quot;warning&quot;
    schema: {&quot;loadingURI&quot;:&quot;file:/C:/Learnings/Java/JobsAPIAutomationTesting/target/test-classes/Schema.json#&quot;,&quot;pointer&quot;:&quot;/properties/data/properties/Job Description&quot;}
    domain: &quot;syntax&quot;
    ignored: [&quot;$id&quot;,&quot;examples&quot;]
warning: the following keywords are unknown and will be ignored: [$id, examples]
    level: &quot;warning&quot;
    schema: {&quot;loadingURI&quot;:&quot;file:/C:/Learnings/Java/JobsAPIAutomationTesting/target/test-classes/Schema.json#&quot;,&quot;pointer&quot;:&quot;/properties/data/properties/Job Description/properties/0&quot;}
    domain: &quot;syntax&quot;
    ignored: [&quot;$id&quot;,&quot;examples&quot;]
warning: the following keywords are unknown and will be ignored: [$id, examples]
    level: &quot;warning&quot;
    schema: {&quot;loadingURI&quot;:&quot;file:/C:/Learnings/Java/JobsAPIAutomationTesting/target/test-classes/Schema.json#&quot;,&quot;pointer&quot;:&quot;/properties/data/properties/Job Id&quot;}
    domain: &quot;syntax&quot;
    ignored: [&quot;$id&quot;,&quot;examples&quot;]
warning: the following keywords are unknown and will be ignored: [$id, examples]
    level: &quot;warning&quot;
    schema: {&quot;loadingURI&quot;:&quot;file:/C:/Learnings/Java/JobsAPIAutomationTesting/target/test-classes/Schema.json#&quot;,&quot;pointer&quot;:&quot;/properties/data/properties/Job Id/properties/0&quot;}
    domain: &quot;syntax&quot;
    ignored: [&quot;$id&quot;,&quot;examples&quot;]
warning: the following keywords are unknown and will be ignored: [$id, examples]
    level: &quot;warning&quot;
    schema: {&quot;loadingURI&quot;:&quot;file:/C:/Learnings/Java/JobsAPIAutomationTesting/target/test-classes/Schema.json#&quot;,&quot;pointer&quot;:&quot;/properties/data/properties/Job Location&quot;}
    domain: &quot;syntax&quot;
    ignored: [&quot;$id&quot;,&quot;examples&quot;]
warning: the following keywords are unknown and will be ignored: [$id, examples]
    level: &quot;warning&quot;
    schema: {&quot;loadingURI&quot;:&quot;file:/C:/Learnings/Java/JobsAPIAutomationTesting/target/test-classes/Schema.json#&quot;,&quot;pointer&quot;:&quot;/properties/data/properties/Job Location/properties/0&quot;}
    domain: &quot;syntax&quot;
    ignored: [&quot;$id&quot;,&quot;examples&quot;]
warning: the following keywords are unknown and will be ignored: [$id, examples]
    level: &quot;warning&quot;
    schema: {&quot;loadingURI&quot;:&quot;file:/C:/Learnings/Java/JobsAPIAutomationTesting/target/test-classes/Schema.json#&quot;,&quot;pointer&quot;:&quot;/properties/data/properties/Job Posted time&quot;}
    domain: &quot;syntax&quot;
    ignored: [&quot;$id&quot;,&quot;examples&quot;]
warning: the following keywords are unknown and will be ignored: [$id, examples]
    level: &quot;warning&quot;
    schema: {&quot;loadingURI&quot;:&quot;file:/C:/Learnings/Java/JobsAPIAutomationTesting/target/test-classes/Schema.json#&quot;,&quot;pointer&quot;:&quot;/properties/data/properties/Job Posted time/properties/0&quot;}
    domain: &quot;syntax&quot;
    ignored: [&quot;$id&quot;,&quot;examples&quot;]
warning: the following keywords are unknown and will be ignored: [$id, examples]
    level: &quot;warning&quot;
    schema: {&quot;loadingURI&quot;:&quot;file:/C:/Learnings/Java/JobsAPIAutomationTesting/target/test-classes/Schema.json#&quot;,&quot;pointer&quot;:&quot;/properties/data/properties/Job Title&quot;}
    domain: &quot;syntax&quot;
    ignored: [&quot;$id&quot;,&quot;examples&quot;]
warning: the following keywords are unknown and will be ignored: [$id, examples]
    level: &quot;warning&quot;
    schema: {&quot;loadingURI&quot;:&quot;file:/C:/Learnings/Java/JobsAPIAutomationTesting/target/test-classes/Schema.json#&quot;,&quot;pointer&quot;:&quot;/properties/data/properties/Job Title/properties/0&quot;}
    domain: &quot;syntax&quot;
    ignored: [&quot;$id&quot;,&quot;examples&quot;]
warning: the following keywords are unknown and will be ignored: [$id, examples]
    level: &quot;warning&quot;
    schema: {&quot;loadingURI&quot;:&quot;file:/C:/Learnings/Java/JobsAPIAutomationTesting/target/test-classes/Schema.json#&quot;,&quot;pointer&quot;:&quot;/properties/data/properties/Job Type&quot;}
    domain: &quot;syntax&quot;
    ignored: [&quot;$id&quot;,&quot;examples&quot;]
warning: the following keywords are unknown and will be ignored: [$id, examples]
    level: &quot;warning&quot;
    schema: {&quot;loadingURI&quot;:&quot;file:/C:/Learnings/Java/JobsAPIAutomationTesting/target/test-classes/Schema.json#&quot;,&quot;pointer&quot;:&quot;/properties/data/properties/Job Type/properties/0&quot;}
    domain: &quot;syntax&quot;
    ignored: [&quot;$id&quot;,&quot;examples&quot;]
error: object has missing required properties ([&quot;data&quot;])
    level: &quot;error&quot;
    schema: {&quot;loadingURI&quot;:&quot;file:/C:/Learnings/Java/JobsAPIAutomationTesting/target/test-classes/Schema.json#&quot;,&quot;pointer&quot;:&quot;&quot;}
    instance: {&quot;pointer&quot;:&quot;&quot;}
    domain: &quot;validation&quot;
    keyword: &quot;required&quot;
    required: [&quot;data&quot;]
    missing: [&quot;data&quot;]

     but: was &quot;{\n    \&quot;message\&quot;: {\n        \&quot;Job Id\&quot;: \&quot;Missing required parameter in the JSON body or the post body or the query string\&quot;\n    }\n}&quot;" type="java.lang.AssertionError">
      <![CDATA[java.lang.AssertionError: Json schema
Expected: The content to match the given JSON schema.
warning: the following keywords are unknown and will be ignored: [$id, examples]
    level: "warning"
    schema: {"loadingURI":"file:/C:/Learnings/Java/JobsAPIAutomationTesting/target/test-classes/Schema.json#","pointer":""}
    domain: "syntax"
    ignored: ["$id","examples"]
warning: the following keywords are unknown and will be ignored: [$id, examples]
    level: "warning"
    schema: {"loadingURI":"file:/C:/Learnings/Java/JobsAPIAutomationTesting/target/test-classes/Schema.json#","pointer":"/properties/data"}
    domain: "syntax"
    ignored: ["$id","examples"]
warning: the following keywords are unknown and will be ignored: [$id, examples]
    level: "warning"
    schema: {"loadingURI":"file:/C:/Learnings/Java/JobsAPIAutomationTesting/target/test-classes/Schema.json#","pointer":"/properties/data/properties/Job Company Name"}
    domain: "syntax"
    ignored: ["$id","examples"]
warning: the following keywords are unknown and will be ignored: [$id, examples]
    level: "warning"
    schema: {"loadingURI":"file:/C:/Learnings/Java/JobsAPIAutomationTesting/target/test-classes/Schema.json#","pointer":"/properties/data/properties/Job Company Name/properties/0"}
    domain: "syntax"
    ignored: ["$id","examples"]
warning: the following keywords are unknown and will be ignored: [$id, examples]
    level: "warning"
    schema: {"loadingURI":"file:/C:/Learnings/Java/JobsAPIAutomationTesting/target/test-classes/Schema.json#","pointer":"/properties/data/properties/Job Description"}
    domain: "syntax"
    ignored: ["$id","examples"]
warning: the following keywords are unknown and will be ignored: [$id, examples]
    level: "warning"
    schema: {"loadingURI":"file:/C:/Learnings/Java/JobsAPIAutomationTesting/target/test-classes/Schema.json#","pointer":"/properties/data/properties/Job Description/properties/0"}
    domain: "syntax"
    ignored: ["$id","examples"]
warning: the following keywords are unknown and will be ignored: [$id, examples]
    level: "warning"
    schema: {"loadingURI":"file:/C:/Learnings/Java/JobsAPIAutomationTesting/target/test-classes/Schema.json#","pointer":"/properties/data/properties/Job Id"}
    domain: "syntax"
    ignored: ["$id","examples"]
warning: the following keywords are unknown and will be ignored: [$id, examples]
    level: "warning"
    schema: {"loadingURI":"file:/C:/Learnings/Java/JobsAPIAutomationTesting/target/test-classes/Schema.json#","pointer":"/properties/data/properties/Job Id/properties/0"}
    domain: "syntax"
    ignored: ["$id","examples"]
warning: the following keywords are unknown and will be ignored: [$id, examples]
    level: "warning"
    schema: {"loadingURI":"file:/C:/Learnings/Java/JobsAPIAutomationTesting/target/test-classes/Schema.json#","pointer":"/properties/data/properties/Job Location"}
    domain: "syntax"
    ignored: ["$id","examples"]
warning: the following keywords are unknown and will be ignored: [$id, examples]
    level: "warning"
    schema: {"loadingURI":"file:/C:/Learnings/Java/JobsAPIAutomationTesting/target/test-classes/Schema.json#","pointer":"/properties/data/properties/Job Location/properties/0"}
    domain: "syntax"
    ignored: ["$id","examples"]
warning: the following keywords are unknown and will be ignored: [$id, examples]
    level: "warning"
    schema: {"loadingURI":"file:/C:/Learnings/Java/JobsAPIAutomationTesting/target/test-classes/Schema.json#","pointer":"/properties/data/properties/Job Posted time"}
    domain: "syntax"
    ignored: ["$id","examples"]
warning: the following keywords are unknown and will be ignored: [$id, examples]
    level: "warning"
    schema: {"loadingURI":"file:/C:/Learnings/Java/JobsAPIAutomationTesting/target/test-classes/Schema.json#","pointer":"/properties/data/properties/Job Posted time/properties/0"}
    domain: "syntax"
    ignored: ["$id","examples"]
warning: the following keywords are unknown and will be ignored: [$id, examples]
    level: "warning"
    schema: {"loadingURI":"file:/C:/Learnings/Java/JobsAPIAutomationTesting/target/test-classes/Schema.json#","pointer":"/properties/data/properties/Job Title"}
    domain: "syntax"
    ignored: ["$id","examples"]
warning: the following keywords are unknown and will be ignored: [$id, examples]
    level: "warning"
    schema: {"loadingURI":"file:/C:/Learnings/Java/JobsAPIAutomationTesting/target/test-classes/Schema.json#","pointer":"/properties/data/properties/Job Title/properties/0"}
    domain: "syntax"
    ignored: ["$id","examples"]
warning: the following keywords are unknown and will be ignored: [$id, examples]
    level: "warning"
    schema: {"loadingURI":"file:/C:/Learnings/Java/JobsAPIAutomationTesting/target/test-classes/Schema.json#","pointer":"/properties/data/properties/Job Type"}
    domain: "syntax"
    ignored: ["$id","examples"]
warning: the following keywords are unknown and will be ignored: [$id, examples]
    level: "warning"
    schema: {"loadingURI":"file:/C:/Learnings/Java/JobsAPIAutomationTesting/target/test-classes/Schema.json#","pointer":"/properties/data/properties/Job Type/properties/0"}
    domain: "syntax"
    ignored: ["$id","examples"]
error: object has missing required properties (["data"])
    level: "error"
    schema: {"loadingURI":"file:/C:/Learnings/Java/JobsAPIAutomationTesting/target/test-classes/Schema.json#","pointer":""}
    instance: {"pointer":""}
    domain: "validation"
    keyword: "required"
    required: ["data"]
    missing: ["data"]

     but: was "{\n    \"message\": {\n        \"Job Id\": \"Missing required parameter in the JSON body or the post body or the query string\"\n    }\n}"
at org.hamcrest.MatcherAssert.assertThat(MatcherAssert.java:18)
at jobsAPITesting.Jobs_Put.Should_Modify_Job_Data(Jobs_Put.java:74)
at java.base/jdk.internal.reflect.NativeMethodAccessorImpl.invoke0(Native Method)
at java.base/jdk.internal.reflect.NativeMethodAccessorImpl.invoke(NativeMethodAccessorImpl.java:78)
at java.base/jdk.internal.reflect.DelegatingMethodAccessorImpl.invoke(DelegatingMethodAccessorImpl.java:43)
at java.base/java.lang.reflect.Method.invoke(Method.java:567)
at org.testng.internal.invokers.MethodInvocationHelper.invokeMethod(MethodInvocationHelper.java:135)
at org.testng.internal.invokers.TestInvoker.invokeMethod(TestInvoker.java:673)
at org.testng.internal.invokers.TestInvoker.invokeTestMethod(TestInvoker.java:220)
at org.testng.internal.invokers.MethodRunner.runInSequence(MethodRunner.java:50)
at org.testng.internal.invokers.TestInvoker$MethodInvocationAgent.invoke(TestInvoker.java:945)
at org.testng.internal.invokers.TestInvoker.invokeTestMethods(TestInvoker.java:193)
at org.testng.internal.invokers.TestMethodWorker.invokeTestMethods(TestMethodWorker.java:146)
at org.testng.internal.invokers.TestMethodWorker.run(TestMethodWorker.java:128)
at java.base/java.util.ArrayList.forEach(ArrayList.java:1511)
at org.testng.TestRunner.privateRun(TestRunner.java:808)
at org.testng.TestRunner.run(TestRunner.java:603)
at org.testng.SuiteRunner.runTest(SuiteRunner.java:429)
at org.testng.SuiteRunner.runSequentially(SuiteRunner.java:423)
at org.testng.SuiteRunner.privateRun(SuiteRunner.java:383)
at org.testng.SuiteRunner.run(SuiteRunner.java:326)
at org.testng.SuiteRunnerWorker.runSuite(SuiteRunnerWorker.java:52)
at org.testng.SuiteRunnerWorker.run(SuiteRunnerWorker.java:95)
at org.testng.TestNG.runSuitesSequentially(TestNG.java:1249)
at org.testng.TestNG.runSuitesLocally(TestNG.java:1169)
at org.testng.TestNG.runSuites(TestNG.java:1092)
at org.testng.TestNG.run(TestNG.java:1060)
at org.testng.remote.AbstractRemoteTestNG.run(AbstractRemoteTestNG.java:115)
at org.testng.remote.RemoteTestNG.initAndRun(RemoteTestNG.java:251)
at org.testng.remote.RemoteTestNG.main(RemoteTestNG.java:77)
]]>
    </failure>
  </testcase> <!-- Should_Modify_Job_Data -->
  <system-out/>
  <testcase classname="jobsAPITesting.Jobs_Put" name="Should_Modify_Job_Data" time="8.164">
    <failure message="Json schema
Expected: The content to match the given JSON schema.
warning: the following keywords are unknown and will be ignored: [$id, examples]
    level: &quot;warning&quot;
    schema: {&quot;loadingURI&quot;:&quot;file:/C:/Learnings/Java/JobsAPIAutomationTesting/target/test-classes/Schema.json#&quot;,&quot;pointer&quot;:&quot;&quot;}
    domain: &quot;syntax&quot;
    ignored: [&quot;$id&quot;,&quot;examples&quot;]
warning: the following keywords are unknown and will be ignored: [$id, examples]
    level: &quot;warning&quot;
    schema: {&quot;loadingURI&quot;:&quot;file:/C:/Learnings/Java/JobsAPIAutomationTesting/target/test-classes/Schema.json#&quot;,&quot;pointer&quot;:&quot;/properties/data&quot;}
    domain: &quot;syntax&quot;
    ignored: [&quot;$id&quot;,&quot;examples&quot;]
warning: the following keywords are unknown and will be ignored: [$id, examples]
    level: &quot;warning&quot;
    schema: {&quot;loadingURI&quot;:&quot;file:/C:/Learnings/Java/JobsAPIAutomationTesting/target/test-classes/Schema.json#&quot;,&quot;pointer&quot;:&quot;/properties/data/properties/Job Company Name&quot;}
    domain: &quot;syntax&quot;
    ignored: [&quot;$id&quot;,&quot;examples&quot;]
warning: the following keywords are unknown and will be ignored: [$id, examples]
    level: &quot;warning&quot;
    schema: {&quot;loadingURI&quot;:&quot;file:/C:/Learnings/Java/JobsAPIAutomationTesting/target/test-classes/Schema.json#&quot;,&quot;pointer&quot;:&quot;/properties/data/properties/Job Company Name/properties/0&quot;}
    domain: &quot;syntax&quot;
    ignored: [&quot;$id&quot;,&quot;examples&quot;]
warning: the following keywords are unknown and will be ignored: [$id, examples]
    level: &quot;warning&quot;
    schema: {&quot;loadingURI&quot;:&quot;file:/C:/Learnings/Java/JobsAPIAutomationTesting/target/test-classes/Schema.json#&quot;,&quot;pointer&quot;:&quot;/properties/data/properties/Job Description&quot;}
    domain: &quot;syntax&quot;
    ignored: [&quot;$id&quot;,&quot;examples&quot;]
warning: the following keywords are unknown and will be ignored: [$id, examples]
    level: &quot;warning&quot;
    schema: {&quot;loadingURI&quot;:&quot;file:/C:/Learnings/Java/JobsAPIAutomationTesting/target/test-classes/Schema.json#&quot;,&quot;pointer&quot;:&quot;/properties/data/properties/Job Description/properties/0&quot;}
    domain: &quot;syntax&quot;
    ignored: [&quot;$id&quot;,&quot;examples&quot;]
warning: the following keywords are unknown and will be ignored: [$id, examples]
    level: &quot;warning&quot;
    schema: {&quot;loadingURI&quot;:&quot;file:/C:/Learnings/Java/JobsAPIAutomationTesting/target/test-classes/Schema.json#&quot;,&quot;pointer&quot;:&quot;/properties/data/properties/Job Id&quot;}
    domain: &quot;syntax&quot;
    ignored: [&quot;$id&quot;,&quot;examples&quot;]
warning: the following keywords are unknown and will be ignored: [$id, examples]
    level: &quot;warning&quot;
    schema: {&quot;loadingURI&quot;:&quot;file:/C:/Learnings/Java/JobsAPIAutomationTesting/target/test-classes/Schema.json#&quot;,&quot;pointer&quot;:&quot;/properties/data/properties/Job Id/properties/0&quot;}
    domain: &quot;syntax&quot;
    ignored: [&quot;$id&quot;,&quot;examples&quot;]
warning: the following keywords are unknown and will be ignored: [$id, examples]
    level: &quot;warning&quot;
    schema: {&quot;loadingURI&quot;:&quot;file:/C:/Learnings/Java/JobsAPIAutomationTesting/target/test-classes/Schema.json#&quot;,&quot;pointer&quot;:&quot;/properties/data/properties/Job Location&quot;}
    domain: &quot;syntax&quot;
    ignored: [&quot;$id&quot;,&quot;examples&quot;]
warning: the following keywords are unknown and will be ignored: [$id, examples]
    level: &quot;warning&quot;
    schema: {&quot;loadingURI&quot;:&quot;file:/C:/Learnings/Java/JobsAPIAutomationTesting/target/test-classes/Schema.json#&quot;,&quot;pointer&quot;:&quot;/properties/data/properties/Job Location/properties/0&quot;}
    domain: &quot;syntax&quot;
    ignored: [&quot;$id&quot;,&quot;examples&quot;]
warning: the following keywords are unknown and will be ignored: [$id, examples]
    level: &quot;warning&quot;
    schema: {&quot;loadingURI&quot;:&quot;file:/C:/Learnings/Java/JobsAPIAutomationTesting/target/test-classes/Schema.json#&quot;,&quot;pointer&quot;:&quot;/properties/data/properties/Job Posted time&quot;}
    domain: &quot;syntax&quot;
    ignored: [&quot;$id&quot;,&quot;examples&quot;]
warning: the following keywords are unknown and will be ignored: [$id, examples]
    level: &quot;warning&quot;
    schema: {&quot;loadingURI&quot;:&quot;file:/C:/Learnings/Java/JobsAPIAutomationTesting/target/test-classes/Schema.json#&quot;,&quot;pointer&quot;:&quot;/properties/data/properties/Job Posted time/properties/0&quot;}
    domain: &quot;syntax&quot;
    ignored: [&quot;$id&quot;,&quot;examples&quot;]
warning: the following keywords are unknown and will be ignored: [$id, examples]
    level: &quot;warning&quot;
    schema: {&quot;loadingURI&quot;:&quot;file:/C:/Learnings/Java/JobsAPIAutomationTesting/target/test-classes/Schema.json#&quot;,&quot;pointer&quot;:&quot;/properties/data/properties/Job Title&quot;}
    domain: &quot;syntax&quot;
    ignored: [&quot;$id&quot;,&quot;examples&quot;]
warning: the following keywords are unknown and will be ignored: [$id, examples]
    level: &quot;warning&quot;
    schema: {&quot;loadingURI&quot;:&quot;file:/C:/Learnings/Java/JobsAPIAutomationTesting/target/test-classes/Schema.json#&quot;,&quot;pointer&quot;:&quot;/properties/data/properties/Job Title/properties/0&quot;}
    domain: &quot;syntax&quot;
    ignored: [&quot;$id&quot;,&quot;examples&quot;]
warning: the following keywords are unknown and will be ignored: [$id, examples]
    level: &quot;warning&quot;
    schema: {&quot;loadingURI&quot;:&quot;file:/C:/Learnings/Java/JobsAPIAutomationTesting/target/test-classes/Schema.json#&quot;,&quot;pointer&quot;:&quot;/properties/data/properties/Job Type&quot;}
    domain: &quot;syntax&quot;
    ignored: [&quot;$id&quot;,&quot;examples&quot;]
warning: the following keywords are unknown and will be ignored: [$id, examples]
    level: &quot;warning&quot;
    schema: {&quot;loadingURI&quot;:&quot;file:/C:/Learnings/Java/JobsAPIAutomationTesting/target/test-classes/Schema.json#&quot;,&quot;pointer&quot;:&quot;/properties/data/properties/Job Type/properties/0&quot;}
    domain: &quot;syntax&quot;
    ignored: [&quot;$id&quot;,&quot;examples&quot;]
error: object has missing required properties ([&quot;data&quot;])
    level: &quot;error&quot;
    schema: {&quot;loadingURI&quot;:&quot;file:/C:/Learnings/Java/JobsAPIAutomationTesting/target/test-classes/Schema.json#&quot;,&quot;pointer&quot;:&quot;&quot;}
    instance: {&quot;pointer&quot;:&quot;&quot;}
    domain: &quot;validation&quot;
    keyword: &quot;required&quot;
    required: [&quot;data&quot;]
    missing: [&quot;data&quot;]

     but: was &quot;{\n    \&quot;message\&quot;: {\n        \&quot;Job Id\&quot;: \&quot;Missing required parameter in the JSON body or the post body or the query string\&quot;\n    }\n}&quot;" type="java.lang.AssertionError">
      <![CDATA[java.lang.AssertionError: Json schema
Expected: The content to match the given JSON schema.
warning: the following keywords are unknown and will be ignored: [$id, examples]
    level: "warning"
    schema: {"loadingURI":"file:/C:/Learnings/Java/JobsAPIAutomationTesting/target/test-classes/Schema.json#","pointer":""}
    domain: "syntax"
    ignored: ["$id","examples"]
warning: the following keywords are unknown and will be ignored: [$id, examples]
    level: "warning"
    schema: {"loadingURI":"file:/C:/Learnings/Java/JobsAPIAutomationTesting/target/test-classes/Schema.json#","pointer":"/properties/data"}
    domain: "syntax"
    ignored: ["$id","examples"]
warning: the following keywords are unknown and will be ignored: [$id, examples]
    level: "warning"
    schema: {"loadingURI":"file:/C:/Learnings/Java/JobsAPIAutomationTesting/target/test-classes/Schema.json#","pointer":"/properties/data/properties/Job Company Name"}
    domain: "syntax"
    ignored: ["$id","examples"]
warning: the following keywords are unknown and will be ignored: [$id, examples]
    level: "warning"
    schema: {"loadingURI":"file:/C:/Learnings/Java/JobsAPIAutomationTesting/target/test-classes/Schema.json#","pointer":"/properties/data/properties/Job Company Name/properties/0"}
    domain: "syntax"
    ignored: ["$id","examples"]
warning: the following keywords are unknown and will be ignored: [$id, examples]
    level: "warning"
    schema: {"loadingURI":"file:/C:/Learnings/Java/JobsAPIAutomationTesting/target/test-classes/Schema.json#","pointer":"/properties/data/properties/Job Description"}
    domain: "syntax"
    ignored: ["$id","examples"]
warning: the following keywords are unknown and will be ignored: [$id, examples]
    level: "warning"
    schema: {"loadingURI":"file:/C:/Learnings/Java/JobsAPIAutomationTesting/target/test-classes/Schema.json#","pointer":"/properties/data/properties/Job Description/properties/0"}
    domain: "syntax"
    ignored: ["$id","examples"]
warning: the following keywords are unknown and will be ignored: [$id, examples]
    level: "warning"
    schema: {"loadingURI":"file:/C:/Learnings/Java/JobsAPIAutomationTesting/target/test-classes/Schema.json#","pointer":"/properties/data/properties/Job Id"}
    domain: "syntax"
    ignored: ["$id","examples"]
warning: the following keywords are unknown and will be ignored: [$id, examples]
    level: "warning"
    schema: {"loadingURI":"file:/C:/Learnings/Java/JobsAPIAutomationTesting/target/test-classes/Schema.json#","pointer":"/properties/data/properties/Job Id/properties/0"}
    domain: "syntax"
    ignored: ["$id","examples"]
warning: the following keywords are unknown and will be ignored: [$id, examples]
    level: "warning"
    schema: {"loadingURI":"file:/C:/Learnings/Java/JobsAPIAutomationTesting/target/test-classes/Schema.json#","pointer":"/properties/data/properties/Job Location"}
    domain: "syntax"
    ignored: ["$id","examples"]
warning: the following keywords are unknown and will be ignored: [$id, examples]
    level: "warning"
    schema: {"loadingURI":"file:/C:/Learnings/Java/JobsAPIAutomationTesting/target/test-classes/Schema.json#","pointer":"/properties/data/properties/Job Location/properties/0"}
    domain: "syntax"
    ignored: ["$id","examples"]
warning: the following keywords are unknown and will be ignored: [$id, examples]
    level: "warning"
    schema: {"loadingURI":"file:/C:/Learnings/Java/JobsAPIAutomationTesting/target/test-classes/Schema.json#","pointer":"/properties/data/properties/Job Posted time"}
    domain: "syntax"
    ignored: ["$id","examples"]
warning: the following keywords are unknown and will be ignored: [$id, examples]
    level: "warning"
    schema: {"loadingURI":"file:/C:/Learnings/Java/JobsAPIAutomationTesting/target/test-classes/Schema.json#","pointer":"/properties/data/properties/Job Posted time/properties/0"}
    domain: "syntax"
    ignored: ["$id","examples"]
warning: the following keywords are unknown and will be ignored: [$id, examples]
    level: "warning"
    schema: {"loadingURI":"file:/C:/Learnings/Java/JobsAPIAutomationTesting/target/test-classes/Schema.json#","pointer":"/properties/data/properties/Job Title"}
    domain: "syntax"
    ignored: ["$id","examples"]
warning: the following keywords are unknown and will be ignored: [$id, examples]
    level: "warning"
    schema: {"loadingURI":"file:/C:/Learnings/Java/JobsAPIAutomationTesting/target/test-classes/Schema.json#","pointer":"/properties/data/properties/Job Title/properties/0"}
    domain: "syntax"
    ignored: ["$id","examples"]
warning: the following keywords are unknown and will be ignored: [$id, examples]
    level: "warning"
    schema: {"loadingURI":"file:/C:/Learnings/Java/JobsAPIAutomationTesting/target/test-classes/Schema.json#","pointer":"/properties/data/properties/Job Type"}
    domain: "syntax"
    ignored: ["$id","examples"]
warning: the following keywords are unknown and will be ignored: [$id, examples]
    level: "warning"
    schema: {"loadingURI":"file:/C:/Learnings/Java/JobsAPIAutomationTesting/target/test-classes/Schema.json#","pointer":"/properties/data/properties/Job Type/properties/0"}
    domain: "syntax"
    ignored: ["$id","examples"]
error: object has missing required properties (["data"])
    level: "error"
    schema: {"loadingURI":"file:/C:/Learnings/Java/JobsAPIAutomationTesting/target/test-classes/Schema.json#","pointer":""}
    instance: {"pointer":""}
    domain: "validation"
    keyword: "required"
    required: ["data"]
    missing: ["data"]

     but: was "{\n    \"message\": {\n        \"Job Id\": \"Missing required parameter in the JSON body or the post body or the query string\"\n    }\n}"
at org.hamcrest.MatcherAssert.assertThat(MatcherAssert.java:18)
at jobsAPITesting.Jobs_Put.Should_Modify_Job_Data(Jobs_Put.java:74)
at java.base/jdk.internal.reflect.NativeMethodAccessorImpl.invoke0(Native Method)
at java.base/jdk.internal.reflect.NativeMethodAccessorImpl.invoke(NativeMethodAccessorImpl.java:78)
at java.base/jdk.internal.reflect.DelegatingMethodAccessorImpl.invoke(DelegatingMethodAccessorImpl.java:43)
at java.base/java.lang.reflect.Method.invoke(Method.java:567)
at org.testng.internal.invokers.MethodInvocationHelper.invokeMethod(MethodInvocationHelper.java:135)
at org.testng.internal.invokers.TestInvoker.invokeMethod(TestInvoker.java:673)
at org.testng.internal.invokers.TestInvoker.invokeTestMethod(TestInvoker.java:220)
at org.testng.internal.invokers.MethodRunner.runInSequence(MethodRunner.java:50)
at org.testng.internal.invokers.TestInvoker$MethodInvocationAgent.invoke(TestInvoker.java:945)
at org.testng.internal.invokers.TestInvoker.invokeTestMethods(TestInvoker.java:193)
at org.testng.internal.invokers.TestMethodWorker.invokeTestMethods(TestMethodWorker.java:146)
at org.testng.internal.invokers.TestMethodWorker.run(TestMethodWorker.java:128)
at java.base/java.util.ArrayList.forEach(ArrayList.java:1511)
at org.testng.TestRunner.privateRun(TestRunner.java:808)
at org.testng.TestRunner.run(TestRunner.java:603)
at org.testng.SuiteRunner.runTest(SuiteRunner.java:429)
at org.testng.SuiteRunner.runSequentially(SuiteRunner.java:423)
at org.testng.SuiteRunner.privateRun(SuiteRunner.java:383)
at org.testng.SuiteRunner.run(SuiteRunner.java:326)
at org.testng.SuiteRunnerWorker.runSuite(SuiteRunnerWorker.java:52)
at org.testng.SuiteRunnerWorker.run(SuiteRunnerWorker.java:95)
at org.testng.TestNG.runSuitesSequentially(TestNG.java:1249)
at org.testng.TestNG.runSuitesLocally(TestNG.java:1169)
at org.testng.TestNG.runSuites(TestNG.java:1092)
at org.testng.TestNG.run(TestNG.java:1060)
at org.testng.remote.AbstractRemoteTestNG.run(AbstractRemoteTestNG.java:115)
at org.testng.remote.RemoteTestNG.initAndRun(RemoteTestNG.java:251)
at org.testng.remote.RemoteTestNG.main(RemoteTestNG.java:77)
]]>
    </failure>
  </testcase> <!-- Should_Modify_Job_Data -->
  <system-out/>
  <testcase classname="jobsAPITesting.Jobs_Put" name="Should_Modify_Job_Data" time="0.561">
    <failure message="Json schema
Expected: The content to match the given JSON schema.
warning: the following keywords are unknown and will be ignored: [$id, examples]
    level: &quot;warning&quot;
    schema: {&quot;loadingURI&quot;:&quot;file:/C:/Learnings/Java/JobsAPIAutomationTesting/target/test-classes/Schema.json#&quot;,&quot;pointer&quot;:&quot;&quot;}
    domain: &quot;syntax&quot;
    ignored: [&quot;$id&quot;,&quot;examples&quot;]
warning: the following keywords are unknown and will be ignored: [$id, examples]
    level: &quot;warning&quot;
    schema: {&quot;loadingURI&quot;:&quot;file:/C:/Learnings/Java/JobsAPIAutomationTesting/target/test-classes/Schema.json#&quot;,&quot;pointer&quot;:&quot;/properties/data&quot;}
    domain: &quot;syntax&quot;
    ignored: [&quot;$id&quot;,&quot;examples&quot;]
warning: the following keywords are unknown and will be ignored: [$id, examples]
    level: &quot;warning&quot;
    schema: {&quot;loadingURI&quot;:&quot;file:/C:/Learnings/Java/JobsAPIAutomationTesting/target/test-classes/Schema.json#&quot;,&quot;pointer&quot;:&quot;/properties/data/properties/Job Company Name&quot;}
    domain: &quot;syntax&quot;
    ignored: [&quot;$id&quot;,&quot;examples&quot;]
warning: the following keywords are unknown and will be ignored: [$id, examples]
    level: &quot;warning&quot;
    schema: {&quot;loadingURI&quot;:&quot;file:/C:/Learnings/Java/JobsAPIAutomationTesting/target/test-classes/Schema.json#&quot;,&quot;pointer&quot;:&quot;/properties/data/properties/Job Company Name/properties/0&quot;}
    domain: &quot;syntax&quot;
    ignored: [&quot;$id&quot;,&quot;examples&quot;]
warning: the following keywords are unknown and will be ignored: [$id, examples]
    level: &quot;warning&quot;
    schema: {&quot;loadingURI&quot;:&quot;file:/C:/Learnings/Java/JobsAPIAutomationTesting/target/test-classes/Schema.json#&quot;,&quot;pointer&quot;:&quot;/properties/data/properties/Job Description&quot;}
    domain: &quot;syntax&quot;
    ignored: [&quot;$id&quot;,&quot;examples&quot;]
warning: the following keywords are unknown and will be ignored: [$id, examples]
    level: &quot;warning&quot;
    schema: {&quot;loadingURI&quot;:&quot;file:/C:/Learnings/Java/JobsAPIAutomationTesting/target/test-classes/Schema.json#&quot;,&quot;pointer&quot;:&quot;/properties/data/properties/Job Description/properties/0&quot;}
    domain: &quot;syntax&quot;
    ignored: [&quot;$id&quot;,&quot;examples&quot;]
warning: the following keywords are unknown and will be ignored: [$id, examples]
    level: &quot;warning&quot;
    schema: {&quot;loadingURI&quot;:&quot;file:/C:/Learnings/Java/JobsAPIAutomationTesting/target/test-classes/Schema.json#&quot;,&quot;pointer&quot;:&quot;/properties/data/properties/Job Id&quot;}
    domain: &quot;syntax&quot;
    ignored: [&quot;$id&quot;,&quot;examples&quot;]
warning: the following keywords are unknown and will be ignored: [$id, examples]
    level: &quot;warning&quot;
    schema: {&quot;loadingURI&quot;:&quot;file:/C:/Learnings/Java/JobsAPIAutomationTesting/target/test-classes/Schema.json#&quot;,&quot;pointer&quot;:&quot;/properties/data/properties/Job Id/properties/0&quot;}
    domain: &quot;syntax&quot;
    ignored: [&quot;$id&quot;,&quot;examples&quot;]
warning: the following keywords are unknown and will be ignored: [$id, examples]
    level: &quot;warning&quot;
    schema: {&quot;loadingURI&quot;:&quot;file:/C:/Learnings/Java/JobsAPIAutomationTesting/target/test-classes/Schema.json#&quot;,&quot;pointer&quot;:&quot;/properties/data/properties/Job Location&quot;}
    domain: &quot;syntax&quot;
    ignored: [&quot;$id&quot;,&quot;examples&quot;]
warning: the following keywords are unknown and will be ignored: [$id, examples]
    level: &quot;warning&quot;
    schema: {&quot;loadingURI&quot;:&quot;file:/C:/Learnings/Java/JobsAPIAutomationTesting/target/test-classes/Schema.json#&quot;,&quot;pointer&quot;:&quot;/properties/data/properties/Job Location/properties/0&quot;}
    domain: &quot;syntax&quot;
    ignored: [&quot;$id&quot;,&quot;examples&quot;]
warning: the following keywords are unknown and will be ignored: [$id, examples]
    level: &quot;warning&quot;
    schema: {&quot;loadingURI&quot;:&quot;file:/C:/Learnings/Java/JobsAPIAutomationTesting/target/test-classes/Schema.json#&quot;,&quot;pointer&quot;:&quot;/properties/data/properties/Job Posted time&quot;}
    domain: &quot;syntax&quot;
    ignored: [&quot;$id&quot;,&quot;examples&quot;]
warning: the following keywords are unknown and will be ignored: [$id, examples]
    level: &quot;warning&quot;
    schema: {&quot;loadingURI&quot;:&quot;file:/C:/Learnings/Java/JobsAPIAutomationTesting/target/test-classes/Schema.json#&quot;,&quot;pointer&quot;:&quot;/properties/data/properties/Job Posted time/properties/0&quot;}
    domain: &quot;syntax&quot;
    ignored: [&quot;$id&quot;,&quot;examples&quot;]
warning: the following keywords are unknown and will be ignored: [$id, examples]
    level: &quot;warning&quot;
    schema: {&quot;loadingURI&quot;:&quot;file:/C:/Learnings/Java/JobsAPIAutomationTesting/target/test-classes/Schema.json#&quot;,&quot;pointer&quot;:&quot;/properties/data/properties/Job Title&quot;}
    domain: &quot;syntax&quot;
    ignored: [&quot;$id&quot;,&quot;examples&quot;]
warning: the following keywords are unknown and will be ignored: [$id, examples]
    level: &quot;warning&quot;
    schema: {&quot;loadingURI&quot;:&quot;file:/C:/Learnings/Java/JobsAPIAutomationTesting/target/test-classes/Schema.json#&quot;,&quot;pointer&quot;:&quot;/properties/data/properties/Job Title/properties/0&quot;}
    domain: &quot;syntax&quot;
    ignored: [&quot;$id&quot;,&quot;examples&quot;]
warning: the following keywords are unknown and will be ignored: [$id, examples]
    level: &quot;warning&quot;
    schema: {&quot;loadingURI&quot;:&quot;file:/C:/Learnings/Java/JobsAPIAutomationTesting/target/test-classes/Schema.json#&quot;,&quot;pointer&quot;:&quot;/properties/data/properties/Job Type&quot;}
    domain: &quot;syntax&quot;
    ignored: [&quot;$id&quot;,&quot;examples&quot;]
warning: the following keywords are unknown and will be ignored: [$id, examples]
    level: &quot;warning&quot;
    schema: {&quot;loadingURI&quot;:&quot;file:/C:/Learnings/Java/JobsAPIAutomationTesting/target/test-classes/Schema.json#&quot;,&quot;pointer&quot;:&quot;/properties/data/properties/Job Type/properties/0&quot;}
    domain: &quot;syntax&quot;
    ignored: [&quot;$id&quot;,&quot;examples&quot;]
error: object has missing required properties ([&quot;data&quot;])
    level: &quot;error&quot;
    schema: {&quot;loadingURI&quot;:&quot;file:/C:/Learnings/Java/JobsAPIAutomationTesting/target/test-classes/Schema.json#&quot;,&quot;pointer&quot;:&quot;&quot;}
    instance: {&quot;pointer&quot;:&quot;&quot;}
    domain: &quot;validation&quot;
    keyword: &quot;required&quot;
    required: [&quot;data&quot;]
    missing: [&quot;data&quot;]

     but: was &quot;{\n    \&quot;message\&quot;: {\n        \&quot;Job Id\&quot;: \&quot;Missing required parameter in the JSON body or the post body or the query string\&quot;\n    }\n}&quot;" type="java.lang.AssertionError">
      <![CDATA[java.lang.AssertionError: Json schema
Expected: The content to match the given JSON schema.
warning: the following keywords are unknown and will be ignored: [$id, examples]
    level: "warning"
    schema: {"loadingURI":"file:/C:/Learnings/Java/JobsAPIAutomationTesting/target/test-classes/Schema.json#","pointer":""}
    domain: "syntax"
    ignored: ["$id","examples"]
warning: the following keywords are unknown and will be ignored: [$id, examples]
    level: "warning"
    schema: {"loadingURI":"file:/C:/Learnings/Java/JobsAPIAutomationTesting/target/test-classes/Schema.json#","pointer":"/properties/data"}
    domain: "syntax"
    ignored: ["$id","examples"]
warning: the following keywords are unknown and will be ignored: [$id, examples]
    level: "warning"
    schema: {"loadingURI":"file:/C:/Learnings/Java/JobsAPIAutomationTesting/target/test-classes/Schema.json#","pointer":"/properties/data/properties/Job Company Name"}
    domain: "syntax"
    ignored: ["$id","examples"]
warning: the following keywords are unknown and will be ignored: [$id, examples]
    level: "warning"
    schema: {"loadingURI":"file:/C:/Learnings/Java/JobsAPIAutomationTesting/target/test-classes/Schema.json#","pointer":"/properties/data/properties/Job Company Name/properties/0"}
    domain: "syntax"
    ignored: ["$id","examples"]
warning: the following keywords are unknown and will be ignored: [$id, examples]
    level: "warning"
    schema: {"loadingURI":"file:/C:/Learnings/Java/JobsAPIAutomationTesting/target/test-classes/Schema.json#","pointer":"/properties/data/properties/Job Description"}
    domain: "syntax"
    ignored: ["$id","examples"]
warning: the following keywords are unknown and will be ignored: [$id, examples]
    level: "warning"
    schema: {"loadingURI":"file:/C:/Learnings/Java/JobsAPIAutomationTesting/target/test-classes/Schema.json#","pointer":"/properties/data/properties/Job Description/properties/0"}
    domain: "syntax"
    ignored: ["$id","examples"]
warning: the following keywords are unknown and will be ignored: [$id, examples]
    level: "warning"
    schema: {"loadingURI":"file:/C:/Learnings/Java/JobsAPIAutomationTesting/target/test-classes/Schema.json#","pointer":"/properties/data/properties/Job Id"}
    domain: "syntax"
    ignored: ["$id","examples"]
warning: the following keywords are unknown and will be ignored: [$id, examples]
    level: "warning"
    schema: {"loadingURI":"file:/C:/Learnings/Java/JobsAPIAutomationTesting/target/test-classes/Schema.json#","pointer":"/properties/data/properties/Job Id/properties/0"}
    domain: "syntax"
    ignored: ["$id","examples"]
warning: the following keywords are unknown and will be ignored: [$id, examples]
    level: "warning"
    schema: {"loadingURI":"file:/C:/Learnings/Java/JobsAPIAutomationTesting/target/test-classes/Schema.json#","pointer":"/properties/data/properties/Job Location"}
    domain: "syntax"
    ignored: ["$id","examples"]
warning: the following keywords are unknown and will be ignored: [$id, examples]
    level: "warning"
    schema: {"loadingURI":"file:/C:/Learnings/Java/JobsAPIAutomationTesting/target/test-classes/Schema.json#","pointer":"/properties/data/properties/Job Location/properties/0"}
    domain: "syntax"
    ignored: ["$id","examples"]
warning: the following keywords are unknown and will be ignored: [$id, examples]
    level: "warning"
    schema: {"loadingURI":"file:/C:/Learnings/Java/JobsAPIAutomationTesting/target/test-classes/Schema.json#","pointer":"/properties/data/properties/Job Posted time"}
    domain: "syntax"
    ignored: ["$id","examples"]
warning: the following keywords are unknown and will be ignored: [$id, examples]
    level: "warning"
    schema: {"loadingURI":"file:/C:/Learnings/Java/JobsAPIAutomationTesting/target/test-classes/Schema.json#","pointer":"/properties/data/properties/Job Posted time/properties/0"}
    domain: "syntax"
    ignored: ["$id","examples"]
warning: the following keywords are unknown and will be ignored: [$id, examples]
    level: "warning"
    schema: {"loadingURI":"file:/C:/Learnings/Java/JobsAPIAutomationTesting/target/test-classes/Schema.json#","pointer":"/properties/data/properties/Job Title"}
    domain: "syntax"
    ignored: ["$id","examples"]
warning: the following keywords are unknown and will be ignored: [$id, examples]
    level: "warning"
    schema: {"loadingURI":"file:/C:/Learnings/Java/JobsAPIAutomationTesting/target/test-classes/Schema.json#","pointer":"/properties/data/properties/Job Title/properties/0"}
    domain: "syntax"
    ignored: ["$id","examples"]
warning: the following keywords are unknown and will be ignored: [$id, examples]
    level: "warning"
    schema: {"loadingURI":"file:/C:/Learnings/Java/JobsAPIAutomationTesting/target/test-classes/Schema.json#","pointer":"/properties/data/properties/Job Type"}
    domain: "syntax"
    ignored: ["$id","examples"]
warning: the following keywords are unknown and will be ignored: [$id, examples]
    level: "warning"
    schema: {"loadingURI":"file:/C:/Learnings/Java/JobsAPIAutomationTesting/target/test-classes/Schema.json#","pointer":"/properties/data/properties/Job Type/properties/0"}
    domain: "syntax"
    ignored: ["$id","examples"]
error: object has missing required properties (["data"])
    level: "error"
    schema: {"loadingURI":"file:/C:/Learnings/Java/JobsAPIAutomationTesting/target/test-classes/Schema.json#","pointer":""}
    instance: {"pointer":""}
    domain: "validation"
    keyword: "required"
    required: ["data"]
    missing: ["data"]

     but: was "{\n    \"message\": {\n        \"Job Id\": \"Missing required parameter in the JSON body or the post body or the query string\"\n    }\n}"
at org.hamcrest.MatcherAssert.assertThat(MatcherAssert.java:18)
at jobsAPITesting.Jobs_Put.Should_Modify_Job_Data(Jobs_Put.java:74)
at java.base/jdk.internal.reflect.NativeMethodAccessorImpl.invoke0(Native Method)
at java.base/jdk.internal.reflect.NativeMethodAccessorImpl.invoke(NativeMethodAccessorImpl.java:78)
at java.base/jdk.internal.reflect.DelegatingMethodAccessorImpl.invoke(DelegatingMethodAccessorImpl.java:43)
at java.base/java.lang.reflect.Method.invoke(Method.java:567)
at org.testng.internal.invokers.MethodInvocationHelper.invokeMethod(MethodInvocationHelper.java:135)
at org.testng.internal.invokers.TestInvoker.invokeMethod(TestInvoker.java:673)
at org.testng.internal.invokers.TestInvoker.invokeTestMethod(TestInvoker.java:220)
at org.testng.internal.invokers.MethodRunner.runInSequence(MethodRunner.java:50)
at org.testng.internal.invokers.TestInvoker$MethodInvocationAgent.invoke(TestInvoker.java:945)
at org.testng.internal.invokers.TestInvoker.invokeTestMethods(TestInvoker.java:193)
at org.testng.internal.invokers.TestMethodWorker.invokeTestMethods(TestMethodWorker.java:146)
at org.testng.internal.invokers.TestMethodWorker.run(TestMethodWorker.java:128)
at java.base/java.util.ArrayList.forEach(ArrayList.java:1511)
at org.testng.TestRunner.privateRun(TestRunner.java:808)
at org.testng.TestRunner.run(TestRunner.java:603)
at org.testng.SuiteRunner.runTest(SuiteRunner.java:429)
at org.testng.SuiteRunner.runSequentially(SuiteRunner.java:423)
at org.testng.SuiteRunner.privateRun(SuiteRunner.java:383)
at org.testng.SuiteRunner.run(SuiteRunner.java:326)
at org.testng.SuiteRunnerWorker.runSuite(SuiteRunnerWorker.java:52)
at org.testng.SuiteRunnerWorker.run(SuiteRunnerWorker.java:95)
at org.testng.TestNG.runSuitesSequentially(TestNG.java:1249)
at org.testng.TestNG.runSuitesLocally(TestNG.java:1169)
at org.testng.TestNG.runSuites(TestNG.java:1092)
at org.testng.TestNG.run(TestNG.java:1060)
at org.testng.remote.AbstractRemoteTestNG.run(AbstractRemoteTestNG.java:115)
at org.testng.remote.RemoteTestNG.initAndRun(RemoteTestNG.java:251)
at org.testng.remote.RemoteTestNG.main(RemoteTestNG.java:77)
]]>
    </failure>
  </testcase> <!-- Should_Modify_Job_Data -->
  <system-out/>
</testsuite> <!-- jobsAPITesting.Jobs_Put -->
